Using pre-set license
Built from '2020.3/release' branch; Version is '2020.3.1f1 (77a89f25062f) revision 7841951'; Using compiler version '192528614'; Build Type 'Release'
OS: 'Windows 10 Home Single Language; OS build 19043.1110; Version 2009; 64bit' Language: 'es' Physical Memory: 8084 MB
BatchMode: 1, IsHumanControllingUs: 0, StartBugReporterOnCrash: 0, Is64bit: 1, IsPro: 0

 COMMAND LINE ARGUMENTS:
C:\Program Files\Unity\Hub\Editor\2020.3.1f1\Editor\Unity.exe
-adb2
-batchMode
-noUpm
-name
AssetImportWorker0
-projectPath
C:/Users/eduar/Desktop/Unities/JuegodePlataformasJunio2021GitHub
-logFile
Logs/AssetImportWorker0.log
-srvPort
60798
Successfully changed project path to: C:/Users/eduar/Desktop/Unities/JuegodePlataformasJunio2021GitHub
C:/Users/eduar/Desktop/Unities/JuegodePlataformasJunio2021GitHub
Using Asset Import Pipeline V2.
Refreshing native plugins compatible for Editor in 54.40 ms, found 0 plugins.
Preloading 0 native plugins for Editor in 0.00 ms.
Initialize engine version: 2020.3.1f1 (77a89f25062f)
[Subsystems] Discovering subsystems at path C:/Program Files/Unity/Hub/Editor/2020.3.1f1/Editor/Data/Resources/UnitySubsystems
[Subsystems] Discovering subsystems at path C:/Users/eduar/Desktop/Unities/JuegodePlataformasJunio2021GitHub/Assets
GfxDevice: creating device client; threaded=0
Direct3D:
    Version:  Direct3D 11.0 [level 11.1]
    Renderer: NVIDIA GeForce GTX 1050 (ID=0x1c8d)
    Vendor:   
    VRAM:     1979 MB
    Driver:   26.21.14.3648
Initialize mono
Mono path[0] = 'C:/Program Files/Unity/Hub/Editor/2020.3.1f1/Editor/Data/Managed'
Mono path[1] = 'C:/Program Files/Unity/Hub/Editor/2020.3.1f1/Editor/Data/MonoBleedingEdge/lib/mono/unityjit'
Mono config path = 'C:/Program Files/Unity/Hub/Editor/2020.3.1f1/Editor/Data/MonoBleedingEdge/etc'
Using monoOptions --debugger-agent=transport=dt_socket,embedding=1,server=y,suspend=n,address=127.0.0.1:56360
Begin MonoManager ReloadAssembly
Registering precompiled unity dll's ...
Register platform support module: C:/Program Files/Unity/Hub/Editor/2020.3.1f1/Editor/Data/PlaybackEngines/WindowsStandaloneSupport/UnityEditor.WindowsStandalone.Extensions.dll
Registered in 0.003210 seconds.
Native extension for WindowsStandalone target not found
Refreshing native plugins compatible for Editor in 55.35 ms, found 0 plugins.
Preloading 0 native plugins for Editor in 0.00 ms.
Invoked RoslynAnalysisRunner static constructor.
RoslynAnalysisRunner will not be running.
RoslynAnalysisRunner has terminated.
Mono: successfully reloaded assembly
- Completed reload, in  1.606 seconds
Platform modules already initialized, skipping
Registering precompiled user dll's ...
Registered in 0.001616 seconds.
Begin MonoManager ReloadAssembly
Native extension for WindowsStandalone target not found
Refreshing native plugins compatible for Editor in 0.50 ms, found 0 plugins.
Preloading 0 native plugins for Editor in 0.00 ms.
Invoked RoslynAnalysisRunner static constructor.
RoslynAnalysisRunner will not be running.
RoslynAnalysisRunner has terminated.
Mono: successfully reloaded assembly
- Completed reload, in  1.882 seconds
Platform modules already initialized, skipping
========================================================================
Worker process is ready to serve import requests
Launched and connected shader compiler UnityShaderCompiler.exe after 0.06 seconds
Refreshing native plugins compatible for Editor in 0.37 ms, found 0 plugins.
Preloading 0 native plugins for Editor in 0.00 ms.
Unloading 1517 Unused Serialized files (Serialized files now loaded: 0)
System memory in use before: 149.8 MB.
System memory in use after: 149.8 MB.

Unloading 14 unused Assets to reduce memory usage. Loaded Objects now: 1972.
Total: 3.087100 ms (FindLiveObjects: 0.690800 ms CreateObjectMapping: 0.347900 ms MarkObjects: 1.940300 ms  DeleteObjects: 0.107000 ms)

========================================================================
Received Import Request.
  path: Assets/Elementos 3D/PailloNivel1.blend
  artifactKey: Guid(cd68addc69ff99f46835ed471f622a3d) Importer(815301076,1909f56bfc062723c751e8b465ee728b)
Start importing Assets/Elementos 3D/PailloNivel1.blend using Guid(cd68addc69ff99f46835ed471f622a3d) Importer(815301076,1909f56bfc062723c751e8b465ee728b)  -> (artifact id: '769c8dedd5b93e650165d8fe9960f7ce') in 29.482155 seconds
  Import took 29.598743 seconds .

========================================================================
Received Import Request.
  Time since last request: 599.521856 seconds.
  path: Assets/Elementos 3D/PasilloNivel2.blend
  artifactKey: Guid(dcb9860b47e547841ac3e6db275312df) Importer(815301076,1909f56bfc062723c751e8b465ee728b)
Start importing Assets/Elementos 3D/PasilloNivel2.blend using Guid(dcb9860b47e547841ac3e6db275312df) Importer(815301076,1909f56bfc062723c751e8b465ee728b)  -> (artifact id: '33709b6d311d067e85448ebcc957465f') in 23.739694 seconds
  Import took 23.869469 seconds .

========================================================================
Received Import Request.
  Time since last request: 0.000371 seconds.
  path: Assets/Elementos 3D/PailloNivel1.blend1
  artifactKey: Guid(38ea8b752d91ee043adf14bcdd35bc57) Importer(815301076,1909f56bfc062723c751e8b465ee728b)
Start importing Assets/Elementos 3D/PailloNivel1.blend1 using Guid(38ea8b752d91ee043adf14bcdd35bc57) Importer(815301076,1909f56bfc062723c751e8b465ee728b)  -> (artifact id: '0f7ff180e52b086ff5987c19c3e068e2') in 0.027495 seconds
  Import took 0.086353 seconds .

========================================================================
Received Import Request.
  Time since last request: 77.503562 seconds.
  path: Assets/Elementos 3D/Castillo1.blend1
  artifactKey: Guid(84d5e09118155c44a872b66c267e1231) Importer(815301076,1909f56bfc062723c751e8b465ee728b)
Start importing Assets/Elementos 3D/Castillo1.blend1 using Guid(84d5e09118155c44a872b66c267e1231) Importer(815301076,1909f56bfc062723c751e8b465ee728b)  -> (artifact id: '0cf629cb321f2c1be8f17dd64e6362c5') in 0.018339 seconds
  Import took 1.057516 seconds .

========================================================================
Received Import Request.
  Time since last request: 0.000383 seconds.
  path: Assets/Elementos 3D/CajaLLaveDestruida.blend1
  artifactKey: Guid(b85431942699fe340b480eed77f6bb73) Importer(815301076,1909f56bfc062723c751e8b465ee728b)
Start importing Assets/Elementos 3D/CajaLLaveDestruida.blend1 using Guid(b85431942699fe340b480eed77f6bb73) Importer(815301076,1909f56bfc062723c751e8b465ee728b)  -> (artifact id: '0023b4860e3e30a739d77c4ed58b3817') in 0.187083 seconds
  Import took 0.231777 seconds .

========================================================================
Received Import Request.
  Time since last request: 0.000436 seconds.
  path: Assets/Elementos 3D/CajaLLave.blend1
  artifactKey: Guid(e14c6fcff03b69343a19efcde9f04c1b) Importer(815301076,1909f56bfc062723c751e8b465ee728b)
Start importing Assets/Elementos 3D/CajaLLave.blend1 using Guid(e14c6fcff03b69343a19efcde9f04c1b) Importer(815301076,1909f56bfc062723c751e8b465ee728b)  -> (artifact id: 'c57b54377327f1377cf8251c5f79dee6') in 0.013132 seconds
  Import took 0.038897 seconds .

========================================================================
Received Prepare
Registering precompiled user dll's ...
Registered in 0.001664 seconds.
Begin MonoManager ReloadAssembly
Native extension for WindowsStandalone target not found
Refreshing native plugins compatible for Editor in 0.49 ms, found 0 plugins.
Preloading 0 native plugins for Editor in 0.00 ms.
Invoked RoslynAnalysisRunner static constructor.
RoslynAnalysisRunner will not be running.
RoslynAnalysisRunner has terminated.
Mono: successfully reloaded assembly
- Completed reload, in  1.453 seconds
Platform modules already initialized, skipping
Refreshing native plugins compatible for Editor in 0.40 ms, found 0 plugins.
Preloading 0 native plugins for Editor in 0.00 ms.
Unloading 1469 Unused Serialized files (Serialized files now loaded: 0)
System memory in use before: 161.9 MB.
System memory in use after: 162.0 MB.

Unloading 6 unused Assets to reduce memory usage. Loaded Objects now: 2019.
Total: 2.347300 ms (FindLiveObjects: 0.293700 ms CreateObjectMapping: 0.076700 ms MarkObjects: 1.949700 ms  DeleteObjects: 0.025800 ms)

AssetImportWorkerClient::OnTransportError - code=2 error=End of file
